<?xml version="1.0" encoding="UTF-8"?>
<testsuite name="com.sparta.ecommerce.EcommerceApplicationTests" tests="1" skipped="0" failures="0" errors="0" timestamp="2025-06-21T04:35:14.621Z" hostname="Dongui-MacBookPro.local" time="0.283">
  <properties/>
  <testcase name="contextLoads()" classname="com.sparta.ecommerce.EcommerceApplicationTests" time="0.283"/>
  <system-out><![CDATA[13:35:13.203 [Test worker] INFO org.springframework.test.context.support.AnnotationConfigContextLoaderUtils -- Could not detect default configuration classes for test class [com.sparta.ecommerce.EcommerceApplicationTests]: EcommerceApplicationTests does not declare any static, non-private, non-final, nested classes annotated with @Configuration.
13:35:13.246 [Test worker] INFO org.springframework.boot.test.context.SpringBootTestContextBootstrapper -- Found @SpringBootConfiguration com.sparta.ecommerce.EcommerceApplication for test class com.sparta.ecommerce.EcommerceApplicationTests

  .   ____          _            __ _ _
 /\\ / ___'_ __ _ _(_)_ __  __ _ \ \ \ \
( ( )\___ | '_ | '_| | '_ \/ _` | \ \ \ \
 \\/  ___)| |_)| | | | | || (_| |  ) ) ) )
  '  |____| .__|_| |_|_| |_\__, | / / / /
 =========|_|==============|___/=/_/_/_/

 :: Spring Boot ::                (v3.5.0)

2025-06-21T13:35:13.431+09:00  INFO 8752 --- [    Test worker] c.s.ecommerce.EcommerceApplicationTests  : Starting EcommerceApplicationTests using Java 17.0.7 with PID 8752 (started by donghyunkim in /Users/donghyunkim/Desktop/sparta/ecommerce)
2025-06-21T13:35:13.432+09:00  INFO 8752 --- [    Test worker] c.s.ecommerce.EcommerceApplicationTests  : No active profile set, falling back to 1 default profile: "default"
2025-06-21T13:35:13.702+09:00  INFO 8752 --- [    Test worker] .s.d.r.c.RepositoryConfigurationDelegate : Bootstrapping Spring Data JPA repositories in DEFAULT mode.
2025-06-21T13:35:13.710+09:00  INFO 8752 --- [    Test worker] .s.d.r.c.RepositoryConfigurationDelegate : Finished Spring Data repository scanning in 4 ms. Found 0 JPA repository interfaces.
2025-06-21T13:35:13.884+09:00  INFO 8752 --- [    Test worker] com.zaxxer.hikari.HikariDataSource       : HikariPool-1 - Starting...
2025-06-21T13:35:13.960+09:00  INFO 8752 --- [    Test worker] com.zaxxer.hikari.pool.HikariPool        : HikariPool-1 - Added connection com.mysql.cj.jdbc.ConnectionImpl@3b3056a6
2025-06-21T13:35:13.961+09:00  INFO 8752 --- [    Test worker] com.zaxxer.hikari.HikariDataSource       : HikariPool-1 - Start completed.
2025-06-21T13:35:13.985+09:00  INFO 8752 --- [    Test worker] org.flywaydb.core.FlywayExecutor         : Database: jdbc:mysql://localhost:3306/spring_db?useSSL=false&allowPublicKeyRetrieval=true (MySQL 8.0)
2025-06-21T13:35:14.015+09:00  INFO 8752 --- [    Test worker] o.f.core.internal.command.DbValidate     : Successfully validated 3 migrations (execution time 00:00.013s)
2025-06-21T13:35:14.029+09:00  INFO 8752 --- [    Test worker] o.f.core.internal.command.DbMigrate      : Current version of schema `spring_db`: 3
2025-06-21T13:35:14.029+09:00 ERROR 8752 --- [    Test worker] o.f.core.internal.command.DbMigrate      : Schema `spring_db` has version 3, but no migration could be resolved in the configured locations !
2025-06-21T13:35:14.033+09:00  INFO 8752 --- [    Test worker] o.f.core.internal.command.DbMigrate      : Schema `spring_db` is up to date. No migration necessary.
2025-06-21T13:35:14.068+09:00  INFO 8752 --- [    Test worker] o.hibernate.jpa.internal.util.LogHelper  : HHH000204: Processing PersistenceUnitInfo [name: default]
2025-06-21T13:35:14.084+09:00  INFO 8752 --- [    Test worker] org.hibernate.Version                    : HHH000412: Hibernate ORM core version 6.6.15.Final
2025-06-21T13:35:14.097+09:00  INFO 8752 --- [    Test worker] o.h.c.internal.RegionFactoryInitiator    : HHH000026: Second-level cache disabled
2025-06-21T13:35:14.197+09:00  INFO 8752 --- [    Test worker] o.s.o.j.p.SpringPersistenceUnitInfo      : No LoadTimeWeaver setup: ignoring JPA class transformer
2025-06-21T13:35:14.227+09:00  WARN 8752 --- [    Test worker] org.hibernate.orm.deprecation            : HHH90000025: MySQL8Dialect does not need to be specified explicitly using 'hibernate.dialect' (remove the property setting and it will be selected by default)
2025-06-21T13:35:14.227+09:00  WARN 8752 --- [    Test worker] org.hibernate.orm.deprecation            : HHH90000026: MySQL8Dialect has been deprecated; use org.hibernate.dialect.MySQLDialect instead
2025-06-21T13:35:14.234+09:00  INFO 8752 --- [    Test worker] org.hibernate.orm.connections.pooling    : HHH10001005: Database info:
	Database JDBC URL [Connecting through datasource 'HikariDataSource (HikariPool-1)']
	Database driver: undefined/unknown
	Database version: 8.0
	Autocommit mode: undefined/unknown
	Isolation level: undefined/unknown
	Minimum pool size: undefined/unknown
	Maximum pool size: undefined/unknown
2025-06-21T13:35:14.351+09:00  INFO 8752 --- [    Test worker] o.h.e.t.j.p.i.JtaPlatformInitiator       : HHH000489: No JTA platform available (set 'hibernate.transaction.jta.platform' to enable JTA platform integration)
2025-06-21T13:35:14.353+09:00  INFO 8752 --- [    Test worker] j.LocalContainerEntityManagerFactoryBean : Initialized JPA EntityManagerFactory for persistence unit 'default'
2025-06-21T13:35:14.429+09:00  WARN 8752 --- [    Test worker] JpaBaseConfiguration$JpaWebConfiguration : spring.jpa.open-in-view is enabled by default. Therefore, database queries may be performed during view rendering. Explicitly configure spring.jpa.open-in-view to disable this warning
2025-06-21T13:35:14.449+09:00  INFO 8752 --- [    Test worker] o.s.v.b.OptionalValidatorFactoryBean     : Failed to set up a Bean Validation provider: jakarta.validation.NoProviderFoundException: Unable to create a Configuration, because no Jakarta Bean Validation provider could be found. Add a provider like Hibernate Validator (RI) to your classpath.
2025-06-21T13:35:14.615+09:00  INFO 8752 --- [    Test worker] c.s.ecommerce.EcommerceApplicationTests  : Started EcommerceApplicationTests in 1.307 seconds (process running for 1.737)
]]></system-out>
  <system-err><![CDATA[]]></system-err>
</testsuite>
