<?xml version="1.0" encoding="UTF-8"?>
<testsuite name="com.sparta.javamarket.domain.category.repository.CategoryRepositoryTest" tests="1" skipped="0" failures="0" errors="0" timestamp="2025-06-21T16:33:35.660Z" hostname="ijisuui-MacBookPro.local" time="0.308">
  <properties/>
  <testcase name="카테고리명변경()" classname="com.sparta.javamarket.domain.category.repository.CategoryRepositoryTest" time="0.308"/>
  <system-out><![CDATA[01:33:33.921 [Test worker] INFO org.springframework.test.context.support.AnnotationConfigContextLoaderUtils -- Could not detect default configuration classes for test class [com.sparta.javamarket.domain.category.repository.CategoryRepositoryTest]: CategoryRepositoryTest does not declare any static, non-private, non-final, nested classes annotated with @Configuration.
01:33:33.962 [Test worker] INFO org.springframework.boot.test.context.SpringBootTestContextBootstrapper -- Found @SpringBootConfiguration com.sparta.javamarket.JavaMarketApplication for test class com.sparta.javamarket.domain.category.repository.CategoryRepositoryTest

  .   ____          _            __ _ _
 /\\ / ___'_ __ _ _(_)_ __  __ _ \ \ \ \
( ( )\___ | '_ | '_| | '_ \/ _` | \ \ \ \
 \\/  ___)| |_)| | | | | || (_| |  ) ) ) )
  '  |____| .__|_| |_|_| |_\__, | / / / /
 =========|_|==============|___/=/_/_/_/

 :: Spring Boot ::                (v3.5.3)

2025-06-22T01:33:34.111+09:00  INFO 56345 --- [    Test worker] c.s.j.d.c.r.CategoryRepositoryTest       : Starting CategoryRepositoryTest using Java 17.0.15 with PID 56345 (started by jisu in /Users/jisu/Desktop/springboot/javaMarket1)
2025-06-22T01:33:34.111+09:00  INFO 56345 --- [    Test worker] c.s.j.d.c.r.CategoryRepositoryTest       : No active profile set, falling back to 1 default profile: "default"
2025-06-22T01:33:34.439+09:00  INFO 56345 --- [    Test worker] .s.d.r.c.RepositoryConfigurationDelegate : Bootstrapping Spring Data JPA repositories in DEFAULT mode.
2025-06-22T01:33:34.463+09:00  INFO 56345 --- [    Test worker] .s.d.r.c.RepositoryConfigurationDelegate : Finished Spring Data repository scanning in 20 ms. Found 3 JPA repository interfaces.
2025-06-22T01:33:34.659+09:00  INFO 56345 --- [    Test worker] com.zaxxer.hikari.HikariDataSource       : HikariPool-1 - Starting...
2025-06-22T01:33:34.723+09:00  INFO 56345 --- [    Test worker] com.zaxxer.hikari.pool.HikariPool        : HikariPool-1 - Added connection com.mysql.cj.jdbc.ConnectionImpl@65f5cae3
2025-06-22T01:33:34.723+09:00  INFO 56345 --- [    Test worker] com.zaxxer.hikari.HikariDataSource       : HikariPool-1 - Start completed.
2025-06-22T01:33:34.744+09:00  INFO 56345 --- [    Test worker] org.flywaydb.core.FlywayExecutor         : Database: jdbc:mysql://localhost:3306/market_db?useSSL=false&allowPublicKeyRetrieval=true (MySQL 8.0)
2025-06-22T01:33:34.776+09:00  INFO 56345 --- [    Test worker] o.f.core.internal.command.DbValidate     : Successfully validated 7 migrations (execution time 00:00.017s)
2025-06-22T01:33:34.787+09:00  INFO 56345 --- [    Test worker] o.f.core.internal.command.DbMigrate      : Current version of schema `market_db`: 7
2025-06-22T01:33:34.789+09:00  INFO 56345 --- [    Test worker] o.f.core.internal.command.DbMigrate      : Schema `market_db` is up to date. No migration necessary.
2025-06-22T01:33:34.820+09:00  INFO 56345 --- [    Test worker] o.hibernate.jpa.internal.util.LogHelper  : HHH000204: Processing PersistenceUnitInfo [name: default]
2025-06-22T01:33:34.837+09:00  INFO 56345 --- [    Test worker] org.hibernate.Version                    : HHH000412: Hibernate ORM core version 6.6.18.Final
2025-06-22T01:33:34.848+09:00  INFO 56345 --- [    Test worker] o.h.c.internal.RegionFactoryInitiator    : HHH000026: Second-level cache disabled
2025-06-22T01:33:34.934+09:00  INFO 56345 --- [    Test worker] o.s.o.j.p.SpringPersistenceUnitInfo      : No LoadTimeWeaver setup: ignoring JPA class transformer
2025-06-22T01:33:34.953+09:00  WARN 56345 --- [    Test worker] org.hibernate.orm.deprecation            : HHH90000025: MySQL8Dialect does not need to be specified explicitly using 'hibernate.dialect' (remove the property setting and it will be selected by default)
2025-06-22T01:33:34.953+09:00  WARN 56345 --- [    Test worker] org.hibernate.orm.deprecation            : HHH90000026: MySQL8Dialect has been deprecated; use org.hibernate.dialect.MySQLDialect instead
2025-06-22T01:33:34.958+09:00  INFO 56345 --- [    Test worker] org.hibernate.orm.connections.pooling    : HHH10001005: Database info:
	Database JDBC URL [Connecting through datasource 'HikariDataSource (HikariPool-1)']
	Database driver: undefined/unknown
	Database version: 8.0
	Autocommit mode: undefined/unknown
	Isolation level: undefined/unknown
	Minimum pool size: undefined/unknown
	Maximum pool size: undefined/unknown
2025-06-22T01:33:35.227+09:00  INFO 56345 --- [    Test worker] o.h.e.t.j.p.i.JtaPlatformInitiator       : HHH000489: No JTA platform available (set 'hibernate.transaction.jta.platform' to enable JTA platform integration)
2025-06-22T01:33:35.228+09:00  INFO 56345 --- [    Test worker] j.LocalContainerEntityManagerFactoryBean : Initialized JPA EntityManagerFactory for persistence unit 'default'
2025-06-22T01:33:35.289+09:00  WARN 56345 --- [    Test worker] JpaBaseConfiguration$JpaWebConfiguration : spring.jpa.open-in-view is enabled by default. Therefore, database queries may be performed during view rendering. Explicitly configure spring.jpa.open-in-view to disable this warning
2025-06-22T01:33:35.309+09:00  INFO 56345 --- [    Test worker] o.s.v.b.OptionalValidatorFactoryBean     : Failed to set up a Bean Validation provider: jakarta.validation.NoProviderFoundException: Unable to create a Configuration, because no Jakarta Bean Validation provider could be found. Add a provider like Hibernate Validator (RI) to your classpath.
2025-06-22T01:33:35.623+09:00  INFO 56345 --- [    Test worker] o.s.b.a.e.web.EndpointLinksResolver      : Exposing 1 endpoint beneath base path '/actuator'
2025-06-22T01:33:35.654+09:00  INFO 56345 --- [    Test worker] c.s.j.d.c.r.CategoryRepositoryTest       : Started CategoryRepositoryTest in 1.644 seconds (process running for 1.995)
2025-06-22T01:33:35.919+09:00 DEBUG 56345 --- [    Test worker] org.hibernate.SQL                        : 
    ?[34mselect?[0m
        c1_0.id,
        c1_0.created_at,
        c1_0.name,
        c1_0.parent_id,
        c1_0.updated_at 
    ?[34mfrom?[0m
        category c1_0 
    ?[34mwhere?[0m
        c1_0.name=?
@@ : 식품
2025-06-22T01:33:35.941+09:00 DEBUG 56345 --- [    Test worker] org.hibernate.SQL                        : 
    ?[34mselect?[0m
        c1_0.id,
        c1_0.created_at,
        c1_0.name,
        c1_0.parent_id,
        c1_0.updated_at 
    ?[34mfrom?[0m
        category c1_0 
    ?[34mwhere?[0m
        c1_0.id=?
2025-06-22T01:33:35.951+09:00 DEBUG 56345 --- [    Test worker] org.hibernate.SQL                        : 
    ?[34mupdate?[0m
        category 
    ?[34mset?[0m
        name=?,
        updated_at=? 
    ?[34mwhere?[0m
        id=?
2025-06-22T01:33:35.962+09:00 DEBUG 56345 --- [    Test worker] org.hibernate.SQL                        : 
    ?[34mselect?[0m
        c1_0.id,
        c1_0.created_at,
        c1_0.name,
        c1_0.parent_id,
        c1_0.updated_at 
    ?[34mfrom?[0m
        category c1_0 
    ?[34mwhere?[0m
        c1_0.name=?
@@ : 운동기기
]]></system-out>
  <system-err><![CDATA[]]></system-err>
</testsuite>
