<?xml version="1.0" encoding="UTF-8"?>
<testsuite name="com.sparta.java_02.domain.purchase.repository.PurchaseRepositoryTest" tests="2" skipped="0" failures="0" errors="0" timestamp="2025-06-21T01:58:47.712Z" hostname="DESKTOP-2J7ONLN" time="0.312">
  <properties/>
  <testcase name="저장()" classname="com.sparta.java_02.domain.purchase.repository.PurchaseRepositoryTest" time="0.236"/>
  <testcase name="조회()" classname="com.sparta.java_02.domain.purchase.repository.PurchaseRepositoryTest" time="0.075"/>
  <system-out><![CDATA[2025-06-21T10:58:47.661+09:00  INFO 34492 --- [    Test worker] t.c.s.AnnotationConfigContextLoaderUtils : Could not detect default configuration classes for test class [com.sparta.java_02.domain.purchase.repository.PurchaseRepositoryTest]: PurchaseRepositoryTest does not declare any static, non-private, non-final, nested classes annotated with @Configuration.
2025-06-21T10:58:47.707+09:00  INFO 34492 --- [    Test worker] .b.t.c.SpringBootTestContextBootstrapper : Found @SpringBootConfiguration com.sparta.java_02.Java02Application for test class com.sparta.java_02.domain.purchase.repository.PurchaseRepositoryTest
2025-06-21T10:58:47.806+09:00 DEBUG 34492 --- [    Test worker] org.hibernate.SQL                        : 
    ?[34minsert?[0m 
    ?[34minto?[0m
        ?[34muser?[0m
        (created_at, email, password_hash, updated_at, username) 
    ?[34mvalues?[0m
        (?, ?, ?, ?, ?)
2025-06-21T10:58:47.934+09:00 DEBUG 34492 --- [    Test worker] org.hibernate.SQL                        : 
    ?[34minsert?[0m 
    ?[34minto?[0m
        purchase
        (created_at, status, total_price, updated_at, user_id) 
    ?[34mvalues?[0m
        (?, ?, ?, ?, ?)
2025-06-21T10:58:47.993+09:00 DEBUG 34492 --- [    Test worker] org.hibernate.SQL                        : 
    ?[34mselect?[0m
        p1_0.id,
        p1_0.created_at,
        p1_0.status,
        p1_0.total_price,
        p1_0.updated_at,
        p1_0.user_id,
        u1_0.id,
        u1_0.created_at,
        u1_0.email,
        u1_0.password_hash,
        u1_0.updated_at,
        u1_0.username 
    ?[34mfrom?[0m
        purchase p1_0 
    ?[34mjoin?[0m
        ?[34muser?[0m u1_0 
            ?[34mon?[0m u1_0.id=p1_0.user_id 
    ?[34mwhere?[0m
        p1_0.id=?
결과com.sparta.java_02.domain.purchase.entity.Purchase@445dc8dc
]]></system-out>
  <system-err><![CDATA[]]></system-err>
</testsuite>
